<?xml version="1.0" encoding="UTF-8"?>
<!-- Generated by org.testng.reporters.JUnitReportReporter -->
<testsuite hostname="Pari" failures="0" tests="3" name="com.employeeapi.testCases.TC001_Get_All_Employees" time="1.276" errors="0" timestamp="2022-09-19T14:34:23 IST" skipped="0">
  <testcase classname="com.employeeapi.testCases.TC001_Get_All_Employees" name="statusCodeTest" time="0.022"/>
  <system-out/>
  <testcase classname="com.employeeapi.testCases.TC001_Get_All_Employees" name="validateSuccessStatus" time="0.067"/>
  <system-out/>
  <testcase classname="com.employeeapi.testCases.TC001_Get_All_Employees" name="validateSuccessMessage" time="1.187"/>
  <system-out/>
</testsuite> <!-- com.employeeapi.testCases.TC001_Get_All_Employees -->
