<?xml version="1.0" encoding="UTF-8"?>
<!-- Generated by org.testng.reporters.JUnitReportReporter -->
<testsuite hostname="Pari" failures="0" tests="2" name="com.employeeapi.testCases.TC005_Delete_Employee" time="0.026" errors="0" timestamp="2022-09-17T10:34:15 IST" skipped="0">
  <testcase classname="com.employeeapi.testCases.TC005_Delete_Employee" name="statusCodeTest" time="0.003"/>
  <system-out/>
  <testcase classname="com.employeeapi.testCases.TC005_Delete_Employee" name="deleteMessageTest" time="0.023"/>
  <system-out/>
</testsuite> <!-- com.employeeapi.testCases.TC005_Delete_Employee -->
