<?xml version="1.0" encoding="UTF-8"?>
<!-- Generated by org.testng.reporters.JUnitReportReporter -->
<testsuite hostname="Pari" failures="0" tests="2" name="com.employeeapi.testCases.TC005_Delete_Employee" time="0.039" errors="0" timestamp="2022-09-19T14:34:23 IST" skipped="0">
  <testcase classname="com.employeeapi.testCases.TC005_Delete_Employee" name="deleteMessageTest" time="0.035"/>
  <system-out/>
  <testcase classname="com.employeeapi.testCases.TC005_Delete_Employee" name="statusCodeTest" time="0.004"/>
  <system-out/>
</testsuite> <!-- com.employeeapi.testCases.TC005_Delete_Employee -->
