<?xml version="1.0" encoding="UTF-8"?>
<!-- Generated by org.testng.reporters.JUnitReportReporter -->
<testsuite hostname="Pari" failures="0" tests="2" name="com.employeeapi.testCases.TC004_PUT_Update_Existing_Employee" time="0.058" errors="0" timestamp="2022-09-19T14:34:23 IST" skipped="0">
  <testcase classname="com.employeeapi.testCases.TC004_PUT_Update_Existing_Employee" name="statusCodeTest" time="0.005"/>
  <system-out/>
  <testcase classname="com.employeeapi.testCases.TC004_PUT_Update_Existing_Employee" name="updatedEmpNameTest" time="0.053"/>
  <system-out/>
</testsuite> <!-- com.employeeapi.testCases.TC004_PUT_Update_Existing_Employee -->
