<?xml version="1.0" encoding="UTF-8"?>
<!-- Generated by org.testng.reporters.JUnitReportReporter -->
<testsuite hostname="Pari" failures="0" tests="4" name="com.employeeapi.testCases.TC002_Get_Single_Employee" time="2.978" errors="0" timestamp="2022-09-17T10:34:15 IST" skipped="0">
  <testcase classname="com.employeeapi.testCases.TC002_Get_Single_Employee" name="checkEmpId" time="0.987"/>
  <system-out/>
  <testcase classname="com.employeeapi.testCases.TC002_Get_Single_Employee" name="validateSuccessStatus" time="0.928"/>
  <system-out/>
  <testcase classname="com.employeeapi.testCases.TC002_Get_Single_Employee" name="validateSuccessMessage" time="1.056"/>
  <system-out/>
  <testcase classname="com.employeeapi.testCases.TC002_Get_Single_Employee" name="statusCodeTest" time="0.007"/>
  <system-out/>
</testsuite> <!-- com.employeeapi.testCases.TC002_Get_Single_Employee -->
