<?xml version="1.0" encoding="UTF-8"?>
<!-- Generated by org.testng.reporters.JUnitReportReporter -->
<testsuite hostname="Pari" failures="0" tests="4" name="com.employeeapi.testCases.TC002_Get_Single_Employee" time="0.134" errors="0" timestamp="2022-09-19T14:34:23 IST" skipped="0">
  <testcase classname="com.employeeapi.testCases.TC002_Get_Single_Employee" name="statusCodeTest" time="0.009"/>
  <system-out/>
  <testcase classname="com.employeeapi.testCases.TC002_Get_Single_Employee" name="validateSuccessStatus" time="0.028"/>
  <system-out/>
  <testcase classname="com.employeeapi.testCases.TC002_Get_Single_Employee" name="validateSuccessMessage" time="0.025"/>
  <system-out/>
  <testcase classname="com.employeeapi.testCases.TC002_Get_Single_Employee" name="checkEmpId" time="0.072"/>
  <system-out/>
</testsuite> <!-- com.employeeapi.testCases.TC002_Get_Single_Employee -->
